2024-09-22 19:34:12,102 - pyswarms.single.global_best - INFO - Optimize for 50 iters with {'c1': 0.5, 'c2': 0.3, 'w': 0.9}
2024-09-22 19:34:15,359 - pyswarms.single.global_best - INFO - Optimization finished | best cost: 0.043581485748291016, best pos: [0.09290732 0.70570456 0.59562564 ... 0.11997333 0.93750841 0.13874441]
2024-09-22 19:35:17,186 - pyswarms.single.global_best - INFO - Optimize for 50 iters with {'c1': 0.5, 'c2': 0.3, 'w': 0.9}
2024-09-22 19:35:20,317 - pyswarms.single.global_best - INFO - Optimization finished | best cost: 0.043581485748291016, best pos: [0.57453889 0.66809697 0.04095206 ... 0.48713511 0.47291367 0.29949381]
2024-09-22 19:37:23,979 - pyswarms.single.global_best - INFO - Optimize for 50 iters with {'c1': 0.5, 'c2': 0.3, 'w': 0.9}
2024-09-22 19:37:26,899 - pyswarms.single.global_best - INFO - Optimization finished | best cost: 0.043581485748291016, best pos: [0.89751391 0.99913228 0.5889707  ... 0.32023473 0.47124213 0.34437603]
2024-09-22 19:47:13,771 - pyswarms.single.global_best - INFO - Optimize for 50 iters with {'c1': 0.5, 'c2': 0.3, 'w': 0.9}
2024-09-22 19:47:16,413 - pyswarms.single.global_best - INFO - Optimization finished | best cost: 0.043581485748291016, best pos: [0.49917134 0.35386138 0.29413622 ... 0.98077486 0.68280836 0.05766315]
2024-09-22 19:52:17,192 - pyswarms.single.global_best - INFO - Optimize for 50 iters with {'c1': 0.5, 'c2': 0.3, 'w': 0.9}
2024-09-22 19:52:19,745 - pyswarms.single.global_best - INFO - Optimization finished | best cost: 0.043581485748291016, best pos: [0.97778486 0.73535483 0.86390911 ... 0.89910681 0.29638715 0.89636569]
2024-09-22 19:53:36,325 - pyswarms.single.global_best - INFO - Optimize for 50 iters with {'c1': 0.5, 'c2': 0.3, 'w': 0.9}
2024-09-22 19:55:24,072 - pyswarms.single.global_best - INFO - Optimize for 50 iters with {'c1': 0.5, 'c2': 0.3, 'w': 0.9}
2024-09-22 19:55:48,639 - pyswarms.single.global_best - INFO - Optimization finished | best cost: 103.03466963768005, best pos: [-0.13131898  1.53389889  0.73475336 ...  0.59098393  0.82871137
  0.24325445]
2024-09-22 19:58:30,518 - pyswarms.single.global_best - INFO - Optimize for 50 iters with {'c1': 0.5, 'c2': 0.3, 'w': 0.9}
2024-09-22 19:58:55,702 - pyswarms.single.global_best - INFO - Optimization finished | best cost: 102.9051775932312, best pos: [0.64184029 0.21210243 0.26375238 ... 0.42022081 0.36919323 0.59515256]
2024-09-22 20:01:42,365 - pyswarms.single.global_best - INFO - Optimize for 50 iters with {'c1': 0.5, 'c2': 0.3, 'w': 0.9}
2024-09-22 20:02:08,466 - pyswarms.single.global_best - INFO - Optimization finished | best cost: 29.774465322494507, best pos: [2.95611622 5.60233644 2.21274026 ... 1.59331505 3.65501664 2.61810384]
2024-09-22 20:03:32,590 - pyswarms.single.global_best - INFO - Optimize for 50 iters with {'c1': 0.5, 'c2': 0.3, 'w': 0.9}
2024-09-22 20:04:02,132 - pyswarms.single.global_best - INFO - Optimization finished | best cost: 29.59750509262085, best pos: [4.19176861 6.77374788 0.89339948 ... 1.32308236 6.53694497 5.84999672]
2024-09-22 20:04:29,963 - pyswarms.single.global_best - INFO - Optimize for 50 iters with {'c1': 0.5, 'c2': 0.3, 'w': 0.9}
2024-09-22 20:04:56,372 - pyswarms.single.global_best - INFO - Optimization finished | best cost: 29.633874654769897, best pos: [4.88564987 4.81709055 5.36274562 ... 6.62501073 6.21754031 3.92286734]
2024-09-22 20:07:04,202 - pyswarms.single.global_best - INFO - Optimize for 50 iters with {'c1': 0.5, 'c2': 0.3, 'w': 0.9}
2024-09-22 20:07:30,079 - pyswarms.single.global_best - INFO - Optimization finished | best cost: 29.575907230377197, best pos: [1.96258725 5.70697944 0.69570917 ... 2.64926702 6.92439405 2.12410396]
